2024-10-15 19:12:27.895 [main] ERROR servicio.ManejaFicheroCriaturas - CriaturaBowtruckleestá duplicada
2024-10-15 19:12:27.899 [main] ERROR servicio.ManejaFicheroCriaturas - Excepcion al acceder al fichero C:\Users\pedro\eclipse-workspace\FantasticBeasts\src\test\resources\criaturasfantasticas.csv\FantasticBeasts\src\test\resources\errors.log (El sistema no puede encontrar la ruta especificada)
2024-10-15 19:18:14.470 [main] ERROR servicio.ManejaFicheroCriaturas - CriaturaBowtruckleestá duplicada
2024-10-15 19:18:14.472 [main] ERROR servicio.ManejaFicheroCriaturas - Excepcion al acceder al fichero C:\Users\pedro\eclipse-workspace\FantasticBeasts\src\test\resources\criaturasfantasticas.csv\FantasticBeasts\src\test\resources\errors.log (El sistema no puede encontrar la ruta especificada)
2024-10-15 19:23:04.442 [main] ERROR servicio.ManejaFicheroCriaturas - CriaturaBowtruckleestá duplicada
2024-10-15 19:23:04.445 [main] ERROR servicio.ManejaFicheroCriaturas - Excepcion al acceder al fichero C:\Users\pedro\eclipse-workspace\FantasticBeasts\src\test\resources\criaturasfantasticas.csv\FantasticBeasts\src\test\resources\errors.log (El sistema no puede encontrar la ruta especificada)
2024-10-15 19:23:04.445 [main] ERROR servicio.ManejaFicheroCriaturas - CriaturaBowtruckleestá duplicada
2024-10-15 19:23:04.445 [main] ERROR servicio.ManejaFicheroCriaturas - Excepcion al acceder al fichero C:\Users\pedro\eclipse-workspace\FantasticBeasts\src\test\resources\criaturasfantasticas.csv\FantasticBeasts\src\test\resources\errors.log (El sistema no puede encontrar la ruta especificada)
2024-10-15 19:27:05.900 [main] ERROR servicio.ManejaFicheroCriaturas - CriaturaBowtruckleestá duplicada
2024-10-15 19:27:05.904 [main] ERROR servicio.ManejaFicheroCriaturas - Excepcion al acceder al fichero C:\Users\pedro\eclipse-workspace\FantasticBeasts\src\test\resources\criaturasfantasticas.csv\FantasticBeasts\src\test\resources\errors.log (El sistema no puede encontrar la ruta especificada)
2024-10-15 19:27:05.905 [main] ERROR servicio.ManejaFicheroCriaturas - CriaturaBowtruckleestá duplicada
2024-10-15 19:27:05.905 [main] ERROR servicio.ManejaFicheroCriaturas - Excepcion al acceder al fichero C:\Users\pedro\eclipse-workspace\FantasticBeasts\src\test\resources\criaturasfantasticas.csv\FantasticBeasts\src\test\resources\errors.log (El sistema no puede encontrar la ruta especificada)
2024-10-15 19:29:09.779 [main] ERROR servicio.ManejaFicheroCriaturas - Criatura Bowtruckle está duplicada
2024-10-15 19:29:09.781 [main] ERROR servicio.ManejaFicheroCriaturas - Excepcion al acceder al fichero C:\Users\pedro\eclipse-workspace\FantasticBeasts\src\test\resources\criaturasfantasticas.csv\FantasticBeasts\src\test\resources\errors.log (El sistema no puede encontrar la ruta especificada)
2024-10-15 19:29:09.783 [main] ERROR servicio.ManejaFicheroCriaturas - Criatura Bowtruckle está duplicada
2024-10-15 19:29:09.784 [main] ERROR servicio.ManejaFicheroCriaturas - Excepcion al acceder al fichero C:\Users\pedro\eclipse-workspace\FantasticBeasts\src\test\resources\criaturasfantasticas.csv\FantasticBeasts\src\test\resources\errors.log (El sistema no puede encontrar la ruta especificada)
2024-10-15 19:32:22.869 [main] ERROR servicio.ManejaFicheroCriaturas - Criatura Bowtruckle está duplicada
2024-10-15 19:32:22.872 [main] ERROR servicio.ManejaFicheroCriaturas - Excepcion al acceder al fichero C:\Users\pedro\eclipse-workspace\FantasticBeasts\src\test\resources\criaturasfantasticas.csv\FantasticBeasts\src\test\resources\errors.log (El sistema no puede encontrar la ruta especificada)
2024-10-15 19:32:22.873 [main] ERROR servicio.ManejaFicheroCriaturas - Criatura Bowtruckle está duplicada
2024-10-15 19:32:22.874 [main] ERROR servicio.ManejaFicheroCriaturas - Excepcion al acceder al fichero C:\Users\pedro\eclipse-workspace\FantasticBeasts\src\test\resources\criaturasfantasticas.csv\FantasticBeasts\src\test\resources\errors.log (El sistema no puede encontrar la ruta especificada)
2024-10-15 19:34:34.895 [main] ERROR servicio.ManejaFicheroCriaturas - Criatura Bowtruckle está duplicada
2024-10-15 19:34:34.909 [main] ERROR servicio.ManejaFicheroCriaturas - Excepcion al acceder al fichero C:\Users\pedro\eclipse-workspace\FantasticBeasts\src\test\resources\criaturasfantasticas.csv\FantasticBeasts\src\test\resources\errors.log (El sistema no puede encontrar la ruta especificada)
2024-10-15 19:34:42.576 [main] ERROR servicio.ManejaFicheroCriaturas - Criatura Bowtruckle está duplicada
2024-10-15 19:34:42.577 [main] ERROR servicio.ManejaFicheroCriaturas - Excepcion al acceder al fichero C:\Users\pedro\eclipse-workspace\FantasticBeasts\src\test\resources\criaturasfantasticas.csv\FantasticBeasts\src\test\resources\errors.log (El sistema no puede encontrar la ruta especificada)
2024-10-15 19:36:09.249 [main] ERROR servicio.ManejaFicheroCriaturas - Criatura Bowtruckle está duplicada
2024-10-15 19:36:09.252 [main] ERROR servicio.ManejaFicheroCriaturas - Excepcion al acceder al fichero C:\Users\pedro\eclipse-workspace\FantasticBeasts\src\test\resources\criaturasfantasticas.csv\FantasticBeasts\src\test\resources\errors.log (El sistema no puede encontrar la ruta especificada)
2024-10-15 19:42:36.808 [main] ERROR servicio.ManejaFicheroCriaturas - Criatura Bowtruckle está duplicada
2024-10-15 19:42:36.810 [main] ERROR servicio.ManejaFicheroCriaturas - Excepcion al acceder al fichero C:\Users\pedro\eclipse-workspace\FantasticBeasts\src\test\resources\criaturasfantasticas.csv\FantasticBeasts\src\test\resources\errors.log (El sistema no puede encontrar la ruta especificada)
2024-10-15 19:42:46.267 [main] ERROR servicio.ManejaFicheroCriaturas - Criatura Bowtruckle está duplicada
2024-10-15 19:42:46.270 [main] ERROR servicio.ManejaFicheroCriaturas - Excepcion al acceder al fichero C:\Users\pedro\eclipse-workspace\FantasticBeasts\src\test\resources\criaturasfantasticas.csv\FantasticBeasts\src\test\resources\errors.log (El sistema no puede encontrar la ruta especificada)
2024-10-15 19:43:23.562 [main] ERROR servicio.ManejaFicheroCriaturas - Criatura Bowtruckle está duplicada
2024-10-15 19:43:23.564 [main] ERROR servicio.ManejaFicheroCriaturas - Excepcion al acceder al fichero C:\Users\pedro\eclipse-workspace\FantasticBeasts\src\test\resources\criaturasfantasticas.csv\FantasticBeasts\src\test\resources\errors.log (El sistema no puede encontrar la ruta especificada)
2024-10-15 19:43:23.565 [main] ERROR servicio.ManejaFicheroCriaturas - Criatura Bowtruckle está duplicada
2024-10-15 19:43:23.565 [main] ERROR servicio.ManejaFicheroCriaturas - Excepcion al acceder al fichero C:\Users\pedro\eclipse-workspace\FantasticBeasts\src\test\resources\criaturasfantasticas.csv\FantasticBeasts\src\test\resources\errors.log (El sistema no puede encontrar la ruta especificada)
2024-10-15 19:43:54.252 [main] ERROR servicio.ManejaFicheroCriaturas - Criatura Bowtruckle está duplicada
2024-10-15 19:43:54.254 [main] ERROR servicio.ManejaFicheroCriaturas - Excepcion al acceder al fichero C:\Users\pedro\eclipse-workspace\FantasticBeasts\src\test\resources\criaturasfantasticas.csv\FantasticBeasts\src\test\resources\errors.log (El sistema no puede encontrar la ruta especificada)
2024-10-15 19:43:54.255 [main] ERROR servicio.ManejaFicheroCriaturas - Criatura Bowtruckle está duplicada
2024-10-15 19:43:54.255 [main] ERROR servicio.ManejaFicheroCriaturas - Excepcion al acceder al fichero C:\Users\pedro\eclipse-workspace\FantasticBeasts\src\test\resources\criaturasfantasticas.csv\FantasticBeasts\src\test\resources\errors.log (El sistema no puede encontrar la ruta especificada)
2024-10-15 19:44:47.048 [main] ERROR servicio.ManejaFicheroCriaturas - Criatura Bowtruckle está duplicada
2024-10-15 19:44:47.050 [main] ERROR servicio.ManejaFicheroCriaturas - Excepcion al acceder al fichero C:\Users\pedro\eclipse-workspace\FantasticBeasts\src\test\resources\criaturasfantasticas.csv\FantasticBeasts\src\test\resources\errors.log (El sistema no puede encontrar la ruta especificada)
2024-10-15 19:44:47.051 [main] ERROR servicio.ManejaFicheroCriaturas - Criatura Bowtruckle está duplicada
2024-10-15 19:44:47.051 [main] ERROR servicio.ManejaFicheroCriaturas - Excepcion al acceder al fichero C:\Users\pedro\eclipse-workspace\FantasticBeasts\src\test\resources\criaturasfantasticas.csv\FantasticBeasts\src\test\resources\errors.log (El sistema no puede encontrar la ruta especificada)
2024-10-15 19:46:47.195 [main] ERROR servicio.ManejaFicheroCriaturas - Criatura Bowtruckle está duplicada
2024-10-15 19:46:47.197 [main] ERROR servicio.ManejaFicheroCriaturas - Excepcion al acceder al fichero C:\Users\pedro\eclipse-workspace\FantasticBeasts\src\test\resources\criaturasfantasticas.csv\FantasticBeasts\src\test\resources\errors.log (El sistema no puede encontrar la ruta especificada)
2024-10-15 19:46:47.215 [main] ERROR servicio.ManejaFicheroCriaturas - Criatura Bowtruckle está duplicada
2024-10-15 19:46:47.215 [main] ERROR servicio.ManejaFicheroCriaturas - Excepcion al acceder al fichero C:\Users\pedro\eclipse-workspace\FantasticBeasts\src\test\resources\criaturasfantasticas.csv\FantasticBeasts\src\test\resources\errors.log (El sistema no puede encontrar la ruta especificada)
2024-10-15 20:17:19.716 [main] ERROR servicio.ManejaFicheroCriaturas - Excepción al acceder al fichero /FantasticBeasts/src/test/resources/criaturasfantasticas.csv: \FantasticBeasts\src\test\resources\criaturasfantasticas.csv (El sistema no puede encontrar la ruta especificada)
2024-10-15 20:17:19.730 [main] ERROR servicio.ManejaFicheroCriaturas - Excepción al acceder al fichero /FantasticBeasts/src/test/resources/criaturasfantasticas.csv: \FantasticBeasts\src\test\resources\criaturasfantasticas.csv (El sistema no puede encontrar la ruta especificada)
2024-10-15 20:33:03.661 [main] ERROR servicio.ManejaFicheroCriaturas - Excepción al acceder al fichero /FantasticBeasts/src/test/resources/criaturasfantasticas.csv: \FantasticBeasts\src\test\resources\criaturasfantasticas.csv (El sistema no puede encontrar la ruta especificada)
2024-10-15 20:38:16.837 [main] ERROR servicio.ManejaFicheroCriaturas - Excepción al acceder al fichero /FantasticBeasts/src/test/resources/criaturasfantasticas.csv: \FantasticBeasts\src\test\resources\criaturasfantasticas.csv (El sistema no puede encontrar la ruta especificada)
2024-10-15 21:12:07.940 [main] ERROR servicio.ManejaFicheroCriaturas - Criatura Niffler está duplicada
2024-10-15 21:12:35.116 [main] ERROR servicio.ManejaFicheroCriaturas - Criatura Niffler está duplicada
2024-10-15 21:14:01.233 [main] ERROR servicio.ManejaFicheroCriaturas - Criatura Niffler está duplicada
2024-10-15 21:14:01.244 [main] ERROR servicio.ManejaFicheroCriaturas - Criatura Niffler está duplicada
2024-10-15 21:15:23.655 [main] ERROR servicio.ManejaFicheroCriaturas - Criatura Niffler está duplicada
2024-10-15 21:15:23.667 [main] ERROR servicio.ManejaFicheroCriaturas - Criatura Niffler está duplicada
2024-10-15 21:19:50.568 [main] ERROR servicio.ManejaFicheroCriaturas - Criatura Niffler está duplicada
2024-10-15 21:19:50.580 [main] ERROR servicio.ManejaFicheroCriaturas - Criatura Niffler está duplicada
2024-10-15 21:25:38.921 [main] ERROR servicio.ManejaFicheroCriaturas - Criatura Niffler está duplicada
2024-10-15 21:25:38.932 [main] ERROR servicio.ManejaFicheroCriaturas - Criatura Niffler está duplicada
2024-10-15 21:27:32.749 [main] ERROR servicio.ManejaFicheroCriaturas - Criatura Niffler está duplicada
2024-10-15 21:27:32.763 [main] ERROR servicio.ManejaFicheroCriaturas - Criatura Niffler está duplicada
2024-10-15 21:30:27.440 [main] ERROR servicio.ManejaFicheroCriaturas - Criatura Niffler está duplicada
2024-10-15 21:30:27.450 [main] ERROR servicio.ManejaFicheroCriaturas - Criatura Niffler está duplicada
2024-10-15 21:30:35.802 [main] ERROR servicio.ManejaFicheroCriaturas - Criatura Niffler está duplicada
2024-10-15 21:30:35.813 [main] ERROR servicio.ManejaFicheroCriaturas - Criatura Niffler está duplicada
2024-10-15 21:33:22.932 [main] ERROR servicio.ManejaFicheroCriaturas - Criatura Niffler está duplicada
2024-10-15 21:33:22.942 [main] ERROR servicio.ManejaFicheroCriaturas - Criatura Niffler está duplicada
2024-10-15 21:33:22.945 [main] DEBUG servicio.ManejaFicheroCriaturas - Basilisco
2024-10-15 21:33:22.945 [main] DEBUG servicio.ManejaFicheroCriaturas - Murtlap
2024-10-15 21:33:22.945 [main] DEBUG servicio.ManejaFicheroCriaturas - Nundu
2024-10-15 21:33:22.945 [main] DEBUG servicio.ManejaFicheroCriaturas - Mooncalf
2024-10-15 21:33:22.945 [main] DEBUG servicio.ManejaFicheroCriaturas - Chupacabra
2024-10-15 21:33:22.945 [main] DEBUG servicio.ManejaFicheroCriaturas - Swooping Evil
2024-10-15 21:33:22.945 [main] DEBUG servicio.ManejaFicheroCriaturas - Kelpie
2024-10-15 21:33:22.945 [main] DEBUG servicio.ManejaFicheroCriaturas - Zouwu
2024-10-15 21:33:22.945 [main] DEBUG servicio.ManejaFicheroCriaturas - Graphorn
2024-10-15 21:33:22.945 [main] DEBUG servicio.ManejaFicheroCriaturas - Occamy
2024-10-15 21:33:22.946 [main] DEBUG servicio.ManejaFicheroCriaturas - Demiguise
2024-10-15 21:33:22.946 [main] DEBUG servicio.ManejaFicheroCriaturas - Erumpent
2024-10-15 21:33:22.946 [main] DEBUG servicio.ManejaFicheroCriaturas - Fénix
2024-10-15 21:33:22.946 [main] DEBUG servicio.ManejaFicheroCriaturas - Thestral
2024-10-15 21:33:22.946 [main] DEBUG servicio.ManejaFicheroCriaturas - Bowtruckle
2024-10-15 21:33:22.946 [main] DEBUG servicio.ManejaFicheroCriaturas - Niffler
2024-10-15 21:33:22.946 [main] DEBUG servicio.ManejaFicheroCriaturas - La criatura Kelpie es de tipo BESTIA y peligrosidad 60
2024-10-15 21:33:36.470 [main] ERROR servicio.ManejaFicheroCriaturas - Criatura Niffler está duplicada
2024-10-15 21:33:36.481 [main] ERROR servicio.ManejaFicheroCriaturas - Criatura Niffler está duplicada
2024-10-15 21:33:36.482 [main] DEBUG servicio.ManejaFicheroCriaturas - Centauro
2024-10-15 21:33:36.483 [main] DEBUG servicio.ManejaFicheroCriaturas - Veela
2024-10-15 21:33:36.483 [main] DEBUG servicio.ManejaFicheroCriaturas - Hombre Lobo
2024-10-15 21:33:36.483 [main] DEBUG servicio.ManejaFicheroCriaturas - Vampiro
2024-10-15 21:33:36.483 [main] DEBUG servicio.ManejaFicheroCriaturas - Goblin
2024-10-15 21:33:36.483 [main] DEBUG servicio.ManejaFicheroCriaturas - House Elf
2024-10-15 21:33:36.483 [main] DEBUG servicio.ManejaFicheroCriaturas - La criatura Kelpie es de tipo BESTIA y peligrosidad 60
2024-10-15 21:35:21.160 [main] ERROR servicio.ManejaFicheroCriaturas - Criatura Niffler está duplicada
2024-10-15 21:35:21.172 [main] ERROR servicio.ManejaFicheroCriaturas - Criatura Niffler está duplicada
2024-10-15 21:35:21.173 [main] DEBUG servicio.ManejaFicheroCriaturas - Centauro
2024-10-15 21:35:21.173 [main] DEBUG servicio.ManejaFicheroCriaturas - Veela
2024-10-15 21:35:21.173 [main] DEBUG servicio.ManejaFicheroCriaturas - Hombre Lobo
2024-10-15 21:35:21.174 [main] DEBUG servicio.ManejaFicheroCriaturas - Vampiro
2024-10-15 21:35:21.174 [main] DEBUG servicio.ManejaFicheroCriaturas - Goblin
2024-10-15 21:35:21.174 [main] DEBUG servicio.ManejaFicheroCriaturas - House Elf
2024-10-15 21:35:21.174 [main] DEBUG servicio.ManejaFicheroCriaturas - La criatura Kelpie es de tipo BESTIA y peligrosidad 60
2024-10-15 21:55:00.775 [main] ERROR servicio.ManejaFicheroCriaturas - Criatura Niffler está duplicada
2024-10-15 21:55:00.786 [main] ERROR servicio.ManejaFicheroCriaturas - Criatura Niffler está duplicada
2024-10-15 21:55:00.788 [main] DEBUG servicio.ManejaFicheroCriaturas - Centauro
2024-10-15 21:55:00.788 [main] DEBUG servicio.ManejaFicheroCriaturas - Veela
2024-10-15 21:55:00.788 [main] DEBUG servicio.ManejaFicheroCriaturas - Hombre Lobo
2024-10-15 21:55:00.789 [main] DEBUG servicio.ManejaFicheroCriaturas - Vampiro
2024-10-15 21:55:00.789 [main] DEBUG servicio.ManejaFicheroCriaturas - Goblin
2024-10-15 21:55:00.789 [main] DEBUG servicio.ManejaFicheroCriaturas - House Elf
2024-10-15 21:55:00.789 [main] DEBUG servicio.ManejaFicheroCriaturas - La criatura Kelpie es de tipo BESTIA y peligrosidad 60
2024-10-15 21:55:00.789 [main] DEBUG respositorio.Diario - Se eliminó la entrada de la criatura modelos.Criatura@d336b540
2024-10-15 21:56:23.416 [main] ERROR servicio.ManejaFicheroCriaturas - Criatura Niffler está duplicada
2024-10-15 21:56:23.443 [main] ERROR servicio.ManejaFicheroCriaturas - Criatura Niffler está duplicada
2024-10-15 21:56:23.445 [main] DEBUG servicio.ManejaFicheroCriaturas - Centauro
2024-10-15 21:56:23.446 [main] DEBUG servicio.ManejaFicheroCriaturas - Veela
2024-10-15 21:56:23.446 [main] DEBUG servicio.ManejaFicheroCriaturas - Hombre Lobo
2024-10-15 21:56:23.446 [main] DEBUG servicio.ManejaFicheroCriaturas - Vampiro
2024-10-15 21:56:23.446 [main] DEBUG servicio.ManejaFicheroCriaturas - Goblin
2024-10-15 21:56:23.446 [main] DEBUG servicio.ManejaFicheroCriaturas - House Elf
2024-10-15 21:56:23.446 [main] DEBUG servicio.ManejaFicheroCriaturas - La criatura Kelpie es de tipo BESTIA y peligrosidad 60
2024-10-15 21:56:23.446 [main] ERROR excepciones.CriaturaFantasticasException - No existe registro para esta fecha
2024-10-15 21:57:22.982 [main] ERROR servicio.ManejaFicheroCriaturas - Criatura Niffler está duplicada
2024-10-15 21:57:23.011 [main] ERROR servicio.ManejaFicheroCriaturas - Criatura Niffler está duplicada
2024-10-15 21:57:23.014 [main] DEBUG servicio.ManejaFicheroCriaturas - Centauro
2024-10-15 21:57:23.014 [main] DEBUG servicio.ManejaFicheroCriaturas - Veela
2024-10-15 21:57:23.014 [main] DEBUG servicio.ManejaFicheroCriaturas - Hombre Lobo
2024-10-15 21:57:23.014 [main] DEBUG servicio.ManejaFicheroCriaturas - Vampiro
2024-10-15 21:57:23.014 [main] DEBUG servicio.ManejaFicheroCriaturas - Goblin
2024-10-15 21:57:23.014 [main] DEBUG servicio.ManejaFicheroCriaturas - House Elf
2024-10-15 21:57:23.014 [main] DEBUG servicio.ManejaFicheroCriaturas - La criatura Kelpie es de tipo BESTIA y peligrosidad 60
2024-10-15 21:57:23.014 [main] ERROR excepciones.CriaturaFantasticasException - No existe registro para esta criatura
2024-10-15 21:58:09.279 [main] ERROR servicio.ManejaFicheroCriaturas - Criatura Niffler está duplicada
2024-10-15 21:58:09.298 [main] ERROR servicio.ManejaFicheroCriaturas - Criatura Niffler está duplicada
2024-10-15 21:58:09.300 [main] DEBUG servicio.ManejaFicheroCriaturas - Centauro
2024-10-15 21:58:09.300 [main] DEBUG servicio.ManejaFicheroCriaturas - Veela
2024-10-15 21:58:09.300 [main] DEBUG servicio.ManejaFicheroCriaturas - Hombre Lobo
2024-10-15 21:58:09.301 [main] DEBUG servicio.ManejaFicheroCriaturas - Vampiro
2024-10-15 21:58:09.301 [main] DEBUG servicio.ManejaFicheroCriaturas - Goblin
2024-10-15 21:58:09.301 [main] DEBUG servicio.ManejaFicheroCriaturas - House Elf
2024-10-15 21:58:09.301 [main] DEBUG servicio.ManejaFicheroCriaturas - La criatura Kelpie es de tipo BESTIA y peligrosidad 60
2024-10-15 21:58:09.301 [main] DEBUG respositorio.Diario - Se eliminó la entrada de la criatura Goblin
